{"level":"info","time":"2022-05-06T19:13:50.726+0530","caller":"cobra/command.go:854","msg":"LambdaTest Tunnel version: 3.1.23"}
{"level":"debug","time":"2022-05-06T19:13:50.727+0530","caller":"cmd/lt.go:205","msg":"Starting pipeline....."}
{"level":"debug","time":"2022-05-06T19:13:50.728+0530","caller":"cmd/lt.go:205","msg":"OS: windows, Arch: amd64"}
{"level":"debug","time":"2022-05-06T19:13:50.728+0530","caller":"cmd/lt.go:205","msg":"Fetching config"}
{"level":"debug","time":"2022-05-06T19:13:50.728+0530","caller":"runtime/asm_amd64.s:1371","msg":"Starting tunnel With flags: --user sahiltestrig --key ***** --tunnelName DESKTOP-DF72S3A -v --env prod --controller npm --infoAPIPort 50172 --logFile DESKTOP-DF72S3A50172.log --port 50173"}
{"level":"debug","time":"2022-05-06T19:13:51.234+0530","caller":"cmd/lt.go:205","msg":"Remote config fetched"}
{"level":"debug","time":"2022-05-06T19:13:51.787+0530","caller":"core/lifecycle.go:152","msg":"Starting API server"}
{"level":"debug","time":"2022-05-06T19:13:51.787+0530","caller":"runtime/asm_amd64.s:1371","msg":"Trying over ssh over ws"}
{"level":"debug","time":"2022-05-06T19:13:51.787+0530","caller":"apiserver/setup.go:173","msg":"Starting API server for tunnel info on port: 50172"}
{"level":"debug","time":"2022-05-06T19:13:51.787+0530","caller":"runtime/asm_amd64.s:1371","msg":"Trying on port 22"}
{"level":"debug","time":"2022-05-06T19:13:51.787+0530","caller":"runtime/asm_amd64.s:1371","msg":"Trying on port 443"}
{"level":"debug","time":"2022-05-06T19:13:51.787+0530","caller":"core/lifecycle.go:138","msg":"Starting sink proxy"}
{"level":"info","time":"2022-05-06T19:13:51.839+0530","caller":"custom/setup.go:740","msg":"Tunnel binary started on port :50173"}
{"level":"debug","time":"2022-05-06T19:13:51.933+0530","caller":"runtime/asm_amd64.s:1371","msg":"WSS connection was successful"}
{"level":"debug","time":"2022-05-06T19:13:52.598+0530","caller":"runtime/asm_amd64.s:1371","msg":"SSH connection over port 443 successful"}
{"level":"debug","time":"2022-05-06T19:13:52.776+0530","caller":"runtime/asm_amd64.s:1371","msg":"SSH connection over port 22 successful"}
{"level":"debug","time":"2022-05-06T19:13:52.786+0530","caller":"runtime/asm_amd64.s:1371","msg":"SSH connection over ws successful"}
{"level":"info","time":"2022-05-06T19:13:52.787+0530","caller":"core/lifecycle.go:115","msg":"Using ssh(over_22) :: connection mode"}
{"level":"info","time":"2022-05-06T19:13:52.787+0530","caller":"cmd/lt.go:205","msg":"Launching tunnel"}
{"level":"debug","time":"2022-05-06T19:13:52.793+0530","caller":"core/lifecycle.go:233","msg":"Starting control ws connection at wss://ts.lambdatest.com/monitor"}
{"level":"debug","time":"2022-05-06T19:13:53.061+0530","caller":"core/lifecycle.go:233","msg":"Control ws channel opened"}
{"level":"debug","time":"2022-05-06T19:13:53.061+0530","caller":"runtime/asm_amd64.s:1371","msg":"Starting message listener on control connection"}
{"level":"error","time":"2022-05-06T19:13:54.299+0530","caller":"core/lifecycle.go:243","msg":"conflict: Tunnel with name: DESKTOP-DF72S3A is already running for user sahil@testrig.co.in"}
{"level":"error","time":"2022-05-06T19:13:54.299+0530","caller":"cmd/lt.go:205","msg":"There was an error while starting tunnel: ERR::LUNCH::TUNN : Launch tunnel failed conflict: Tunnel with name: DESKTOP-DF72S3A is already running for user sahil@testrig.co.in "}
