{"level":"info","time":"2022-05-05T17:40:59.287+0530","caller":"cobra/command.go:854","msg":"LambdaTest Tunnel version: 3.1.23"}
{"level":"debug","time":"2022-05-05T17:40:59.287+0530","caller":"cmd/lt.go:205","msg":"Starting pipeline....."}
{"level":"debug","time":"2022-05-05T17:40:59.287+0530","caller":"cmd/lt.go:205","msg":"OS: windows, Arch: amd64"}
{"level":"debug","time":"2022-05-05T17:40:59.287+0530","caller":"cmd/lt.go:205","msg":"Fetching config"}
{"level":"debug","time":"2022-05-05T17:40:59.287+0530","caller":"runtime/asm_amd64.s:1371","msg":"Starting tunnel With flags: --user sahiltestrig --key ***** --tunnelName DESKTOP-DF72S3A -v --env prod --controller npm --infoAPIPort 55791 --logFile DESKTOP-DF72S3A55791.log --port 55792"}
{"level":"debug","time":"2022-05-05T17:40:59.727+0530","caller":"cmd/lt.go:205","msg":"Remote config fetched"}
{"level":"debug","time":"2022-05-05T17:40:59.979+0530","caller":"core/lifecycle.go:152","msg":"Starting API server"}
{"level":"debug","time":"2022-05-05T17:40:59.980+0530","caller":"apiserver/setup.go:173","msg":"Starting API server for tunnel info on port: 55791"}
{"level":"debug","time":"2022-05-05T17:40:59.980+0530","caller":"core/lifecycle.go:138","msg":"Starting sink proxy"}
{"level":"debug","time":"2022-05-05T17:40:59.980+0530","caller":"runtime/asm_amd64.s:1371","msg":"Trying on port 22"}
{"level":"debug","time":"2022-05-05T17:40:59.981+0530","caller":"runtime/asm_amd64.s:1371","msg":"Trying over ssh over ws"}
{"level":"debug","time":"2022-05-05T17:40:59.981+0530","caller":"runtime/asm_amd64.s:1371","msg":"Trying on port 443"}
{"level":"info","time":"2022-05-05T17:41:00.039+0530","caller":"custom/setup.go:740","msg":"Tunnel binary started on port :55792"}
{"level":"debug","time":"2022-05-05T17:41:00.080+0530","caller":"runtime/asm_amd64.s:1371","msg":"WSS connection was successful"}
{"level":"debug","time":"2022-05-05T17:41:00.375+0530","caller":"runtime/asm_amd64.s:1371","msg":"SSH connection over ws successful"}
{"level":"debug","time":"2022-05-05T17:41:00.385+0530","caller":"runtime/asm_amd64.s:1371","msg":"SSH connection over port 443 successful"}
{"level":"debug","time":"2022-05-05T17:41:21.066+0530","caller":"networkscanner/setup.go:54","msg":"Failed to dial at ts.lambdatest.com:22  err : dial tcp 13.126.37.58:22: connectex: A connection attempt failed because the connected party did not properly respond after a period of time, or established connection failed because connected host has failed to respond."}
{"level":"info","time":"2022-05-05T17:41:21.066+0530","caller":"core/lifecycle.go:115","msg":"Using ssh(over_443) :: connection mode"}
{"level":"info","time":"2022-05-05T17:41:21.067+0530","caller":"cmd/lt.go:205","msg":"Launching tunnel"}
{"level":"debug","time":"2022-05-05T17:41:21.141+0530","caller":"core/lifecycle.go:233","msg":"Starting control ws connection at wss://ts.lambdatest.com/monitor"}
{"level":"debug","time":"2022-05-05T17:41:21.283+0530","caller":"core/lifecycle.go:233","msg":"Control ws channel opened"}
{"level":"debug","time":"2022-05-05T17:41:21.284+0530","caller":"runtime/asm_amd64.s:1371","msg":"Starting message listener on control connection"}
{"level":"error","time":"2022-05-05T17:41:22.511+0530","caller":"core/lifecycle.go:243","msg":"conflict: Tunnel with name: DESKTOP-DF72S3A is already running for user sahil@testrig.co.in"}
{"level":"error","time":"2022-05-05T17:41:22.511+0530","caller":"cmd/lt.go:205","msg":"There was an error while starting tunnel: ERR::LUNCH::TUNN : Launch tunnel failed conflict: Tunnel with name: DESKTOP-DF72S3A is already running for user sahil@testrig.co.in "}
