{"level":"info","time":"2022-05-13T12:59:14.927+0530","caller":"cobra/command.go:854","msg":"LambdaTest Tunnel version: 3.1.23"}
{"level":"debug","time":"2022-05-13T12:59:14.938+0530","caller":"cmd/lt.go:205","msg":"Starting pipeline....."}
{"level":"debug","time":"2022-05-13T12:59:14.938+0530","caller":"cmd/lt.go:205","msg":"OS: windows, Arch: amd64"}
{"level":"debug","time":"2022-05-13T12:59:14.938+0530","caller":"cmd/lt.go:205","msg":"Fetching config"}
{"level":"debug","time":"2022-05-13T12:59:14.939+0530","caller":"runtime/asm_amd64.s:1371","msg":"Starting tunnel With flags: --user sahiltestrig --key ***** -v --env prod --controller npm --infoAPIPort 51928 --tunnelName DESKTOP-DF72S3A51928 --logFile DESKTOP-DF72S3A51928.log --port 51929"}
{"level":"debug","time":"2022-05-13T12:59:15.442+0530","caller":"cmd/lt.go:205","msg":"Remote config fetched"}
{"level":"debug","time":"2022-05-13T12:59:15.940+0530","caller":"core/lifecycle.go:152","msg":"Starting API server"}
{"level":"debug","time":"2022-05-13T12:59:15.940+0530","caller":"core/lifecycle.go:138","msg":"Starting sink proxy"}
{"level":"debug","time":"2022-05-13T12:59:15.940+0530","caller":"runtime/asm_amd64.s:1371","msg":"Trying over ssh over ws"}
{"level":"debug","time":"2022-05-13T12:59:15.940+0530","caller":"runtime/asm_amd64.s:1371","msg":"Trying on port 443"}
{"level":"debug","time":"2022-05-13T12:59:15.940+0530","caller":"apiserver/setup.go:173","msg":"Starting API server for tunnel info on port: 51928"}
{"level":"debug","time":"2022-05-13T12:59:15.940+0530","caller":"runtime/asm_amd64.s:1371","msg":"Trying on port 22"}
{"level":"info","time":"2022-05-13T12:59:15.993+0530","caller":"custom/setup.go:740","msg":"Tunnel binary started on port :51929"}
{"level":"debug","time":"2022-05-13T12:59:16.013+0530","caller":"runtime/asm_amd64.s:1371","msg":"WSS connection was successful"}
{"level":"debug","time":"2022-05-13T12:59:16.312+0530","caller":"runtime/asm_amd64.s:1371","msg":"SSH connection over port 443 successful"}
{"level":"debug","time":"2022-05-13T12:59:16.328+0530","caller":"runtime/asm_amd64.s:1371","msg":"SSH connection over port 22 successful"}
{"level":"debug","time":"2022-05-13T12:59:16.390+0530","caller":"runtime/asm_amd64.s:1371","msg":"SSH connection over ws successful"}
{"level":"info","time":"2022-05-13T12:59:16.390+0530","caller":"core/lifecycle.go:115","msg":"Using ssh(over_22) :: connection mode"}
{"level":"info","time":"2022-05-13T12:59:16.390+0530","caller":"cmd/lt.go:205","msg":"Launching tunnel"}
{"level":"debug","time":"2022-05-13T12:59:16.390+0530","caller":"core/lifecycle.go:233","msg":"Starting control ws connection at wss://ts.lambdatest.com/monitor"}
{"level":"debug","time":"2022-05-13T12:59:17.083+0530","caller":"core/lifecycle.go:233","msg":"Control ws channel opened"}
{"level":"debug","time":"2022-05-13T12:59:17.083+0530","caller":"runtime/asm_amd64.s:1371","msg":"Starting message listener on control connection"}
{"level":"debug","time":"2022-05-13T12:59:18.623+0530","caller":"runtime/asm_amd64.s:1371","msg":"Sending tunnel registered message to channels"}
{"level":"debug","time":"2022-05-13T12:59:18.623+0530","caller":"runtime/asm_amd64.s:1371","msg":"Tunnel registered message received on control channel"}
{"level":"debug","time":"2022-05-13T12:59:18.623+0530","caller":"runtime/asm_amd64.s:1371","msg":"controller bus registered"}
{"level":"debug","time":"2022-05-13T12:59:18.623+0530","caller":"core/lifecycle.go:283","msg":"Using 5 ssh connection"}
{"level":"debug","time":"2022-05-13T12:59:19.114+0530","caller":"runtime/asm_amd64.s:1371","msg":"Successfully started sshd listener on port: 7228"}
{"level":"debug","time":"2022-05-13T12:59:19.114+0530","caller":"runtime/asm_amd64.s:1371","msg":"Successfully started sshd listener on port: 11093"}
{"level":"info","time":"2022-05-13T12:59:19.115+0530","caller":"runtime/asm_amd64.s:1371","msg":"You can start testing now"}
{"level":"info","time":"2022-05-13T12:59:19.115+0530","caller":"runtime/asm_amd64.s:1371","msg":"Tunnel ID: 1355446"}
{"level":"debug","time":"2022-05-13T12:59:19.115+0530","caller":"runtime/asm_amd64.s:1371","msg":"Remote Listener Started on Port 25563"}
{"level":"debug","time":"2022-05-13T12:59:19.155+0530","caller":"runtime/asm_amd64.s:1371","msg":"Successfully started sshd listener on port: 12699"}
{"level":"debug","time":"2022-05-13T12:59:19.155+0530","caller":"runtime/asm_amd64.s:1371","msg":"Successfully started sshd listener on port: 23616"}
{"level":"debug","time":"2022-05-13T12:59:19.193+0530","caller":"runtime/asm_amd64.s:1371","msg":"Successfully started sshd listener on port: 5474"}
{"level":"debug","time":"2022-05-13T13:00:05.252+0530","caller":"cobra/command.go:854","msg":"main: received interrupt signal - attempting graceful shutdown ...."}
{"level":"debug","time":"2022-05-13T13:00:05.253+0530","caller":"cobra/command.go:854","msg":"main: telling goroutines to stop"}
{"level":"debug","time":"2022-05-13T13:00:05.253+0530","caller":"runtime/asm_amd64.s:1371","msg":"Shutting down the server"}
{"level":"debug","time":"2022-05-13T13:00:05.253+0530","caller":"cmd/lt.go:205","msg":"Context cancelled"}
{"level":"info","time":"2022-05-13T13:00:05.253+0530","caller":"cmd/lt.go:205","msg":"Stopping tunnel"}
{"level":"debug","time":"2022-05-13T13:00:05.253+0530","caller":"custom/setup.go:740","msg":"Exiting the sink proxy"}
{"level":"debug","time":"2022-05-13T13:00:05.254+0530","caller":"runtime/asm_amd64.s:1371","msg":"Unusual close error on control channel..."}
{"level":"debug","time":"2022-05-13T13:00:05.254+0530","caller":"runtime/asm_amd64.s:1371","msg":"Write loop ended for control channel"}
